# JRE version: 7.0_21-b12
# Java VM: Java HotSpot(TM) 64-Bit Server VM (23.21-b01 mixed mode bsd-amd64 compressed oops)
Heap
 def new generation   total 63424K, used 34442K [0x0000000658200000, 0x000000065c6d0000, 0x00000006e3b50000)
  eden space 56384K,  48% used [0x0000000658200000, 0x0000000659cc2a78, 0x000000065b910000)
  from space 7040K, 100% used [0x000000065bff0000, 0x000000065c6d0000, 0x000000065c6d0000)
  to   space 7040K,   0% used [0x000000065b910000, 0x000000065b910000, 0x000000065bff0000)
 tenured generation   total 140884K, used 89894K [0x00000006e3b50000, 0x00000006ec4e5000, 0x00000007fae00000)
   the space 140884K,  63% used [0x00000006e3b50000, 0x00000006e9319be8, 0x00000006e9319c00, 0x00000006ec4e5000)
 compacting perm gen  total 40128K, used 40121K [0x00000007fae00000, 0x00000007fd530000, 0x0000000800000000)
   the space 40128K,  99% used [0x00000007fae00000, 0x00000007fd52e4b0, 0x00000007fd52e600, 0x00000007fd530000)
GC Heap History (10 events):
Event: 52.421 GC heap before
{Heap before GC invocations=419 (full 23):
 def new generation   total 39616K, used 39615K [0x0000000658200000, 0x000000065acf0000, 0x00000006e3b50000)
  eden space 35264K, 100% used [0x0000000658200000, 0x000000065a470000, 0x000000065a470000)
  from space 4352K,  99% used [0x000000065a470000, 0x000000065a8aff70, 0x000000065a8b0000)
  to   space 4352K,   0% used [0x000000065a8b0000, 0x000000065a8b0000, 0x000000065acf0000)
 tenured generation   total 87784K, used 86629K [0x00000006e3b50000, 0x00000006e910a000, 0x00000007fae00000)
   the space 87784K,  98% used [0x00000006e3b50000, 0x00000006e8fe9720, 0x00000006e8fe9800, 0x00000006e910a000)
 compacting perm gen  total 32128K, used 32087K [0x00000007fae00000, 0x00000007fcd60000, 0x0000000800000000)
   the space 32128K,  99% used [0x00000007fae00000, 0x00000007fcd55fb0, 0x00000007fcd56000, 0x00000007fcd60000)
No shared spaces configured.
Event: 52.636 GC heap after
Heap after GC invocations=420 (full 24):
 def new generation   total 39616K, used 0K [0x0000000658200000, 0x000000065acf0000, 0x00000006e3b50000)
  eden space 35264K,   0% used [0x0000000658200000, 0x0000000658200000, 0x000000065a470000)
  from space 4352K,   0% used [0x000000065a8b0000, 0x000000065a8b0000, 0x000000065acf0000)
  to   space 4352K,   0% used [0x000000065a470000, 0x000000065a470000, 0x000000065a8b0000)
 tenured generation   total 87784K, used 52339K [0x00000006e3b50000, 0x00000006e910a000, 0x00000007fae00000)
   the space 87784K,  59% used [0x00000006e3b50000, 0x00000006e6e6cd48, 0x00000006e6e6ce00, 0x00000006e910a000)
 compacting perm gen  total 32128K, used 32087K [0x00000007fae00000, 0x00000007fcd60000, 0x0000000800000000)
   the space 32128K,  99% used [0x00000007fae00000, 0x00000007fcd55fb0, 0x00000007fcd56000, 0x00000007fcd60000)
No shared spaces configured.
}
Event: 55.088 GC heap before
{Heap before GC invocations=420 (full 24):
 def new generation   total 39616K, used 34210K [0x0000000658200000, 0x000000065acf0000, 0x00000006e3b50000)
  eden space 35264K,  97% used [0x0000000658200000, 0x000000065a368850, 0x000000065a470000)
  from space 4352K,   0% used [0x000000065a8b0000, 0x000000065a8b0000, 0x000000065acf0000)
  to   space 4352K,   0% used [0x000000065a470000, 0x000000065a470000, 0x000000065a8b0000)
 tenured generation   total 87784K, used 52339K [0x00000006e3b50000, 0x00000006e910a000, 0x00000007fae00000)
   the space 87784K,  59% used [0x00000006e3b50000, 0x00000006e6e6cd48, 0x00000006e6e6ce00, 0x00000006e910a000)
 compacting perm gen  total 34048K, used 33919K [0x00000007fae00000, 0x00000007fcf40000, 0x0000000800000000)
   the space 34048K,  99% used [0x00000007fae00000, 0x00000007fcf1fce8, 0x00000007fcf1fe00, 0x00000007fcf40000)
No shared spaces configured.
Event: 55.106 GC heap after
Heap after GC invocations=421 (full 24):
 def new generation   total 39616K, used 3815K [0x0000000658200000, 0x000000065acf0000, 0x00000006e3b50000)
  eden space 35264K,   0% used [0x0000000658200000, 0x0000000658200000, 0x000000065a470000)
  from space 4352K,  87% used [0x000000065a470000, 0x000000065a829fc8, 0x000000065a8b0000)
  to   space 4352K,   0% used [0x000000065a8b0000, 0x000000065a8b0000, 0x000000065acf0000)
 tenured generation   total 87784K, used 64714K [0x00000006e3b50000, 0x00000006e910a000, 0x00000007fae00000)
   the space 87784K,  73% used [0x00000006e3b50000, 0x00000006e7a829a8, 0x00000006e7a82a00, 0x00000006e910a000)
 compacting perm gen  total 34048K, used 33919K [0x00000007fae00000, 0x00000007fcf40000, 0x0000000800000000)
   the space 34048K,  99% used [0x00000007fae00000, 0x00000007fcf1fce8, 0x00000007fcf1fe00, 0x00000007fcf40000)
No shared spaces configured.
}
Event: 55.949 GC heap before
{Heap before GC invocations=421 (full 24):
 def new generation   total 39616K, used 38859K [0x0000000658200000, 0x000000065acf0000, 0x00000006e3b50000)
  eden space 35264K,  99% used [0x0000000658200000, 0x000000065a438fc0, 0x000000065a470000)
  from space 4352K,  87% used [0x000000065a470000, 0x000000065a829fc8, 0x000000065a8b0000)
  to   space 4352K,   0% used [0x000000065a8b0000, 0x000000065a8b0000, 0x000000065acf0000)
 tenured generation   total 87784K, used 64714K [0x00000006e3b50000, 0x00000006e910a000, 0x00000007fae00000)
   the space 87784K,  73% used [0x00000006e3b50000, 0x00000006e7a829a8, 0x00000006e7a82a00, 0x00000006e910a000)
 compacting perm gen  total 34688K, used 34453K [0x00000007fae00000, 0x00000007fcfe0000, 0x0000000800000000)
   the space 34688K,  99% used [0x00000007fae00000, 0x00000007fcfa5598, 0x00000007fcfa5600, 0x00000007fcfe0000)
No shared spaces configured.
Event: 55.980 GC heap after
Heap after GC invocations=422 (full 24):
 def new generation   total 39616K, used 4146K [0x0000000658200000, 0x000000065acf0000, 0x00000006e3b50000)
  eden space 35264K,   0% used [0x0000000658200000, 0x0000000658200000, 0x000000065a470000)
  from space 4352K,  95% used [0x000000065a8b0000, 0x000000065acbc938, 0x000000065acf0000)
  to   space 4352K,   0% used [0x000000065a470000, 0x000000065a470000, 0x000000065a8b0000)
 tenured generation   total 87784K, used 80405K [0x00000006e3b50000, 0x00000006e910a000, 0x00000007fae00000)
   the space 87784K,  91% used [0x00000006e3b50000, 0x00000006e89d5698, 0x00000006e89d5800, 0x00000006e910a000)
 compacting perm gen  total 34688K, used 34453K [0x00000007fae00000, 0x00000007fcfe0000, 0x0000000800000000)
   the space 34688K,  99% used [0x00000007fae00000, 0x00000007fcfa5598, 0x00000007fcfa5600, 0x00000007fcfe0000)
No shared spaces configured.
}
Event: 56.252 GC heap before
{Heap before GC invocations=422 (full 24):
 def new generation   total 39616K, used 8728K [0x0000000658200000, 0x000000065acf0000, 0x00000006e3b50000)
  eden space 35264K,  12% used [0x0000000658200000, 0x0000000658679738, 0x000000065a470000)
  from space 4352K,  95% used [0x000000065a8b0000, 0x000000065acbc938, 0x000000065acf0000)
  to   space 4352K,   0% used [0x000000065a470000, 0x000000065a470000, 0x000000065a8b0000)
 tenured generation   total 87784K, used 80405K [0x00000006e3b50000, 0x00000006e910a000, 0x00000007fae00000)
   the space 87784K,  91% used [0x00000006e3b50000, 0x00000006e89d5698, 0x00000006e89d5800, 0x00000006e910a000)
 compacting perm gen  total 37568K, used 37567K [0x00000007fae00000, 0x00000007fd2b0000, 0x0000000800000000)
   the space 37568K,  99% used [0x00000007fae00000, 0x00000007fd2afdf0, 0x00000007fd2afe00, 0x00000007fd2b0000)
No shared spaces configured.
Event: 56.491 GC heap after
Heap after GC invocations=423 (full 25):
 def new generation   total 63424K, used 0K [0x0000000658200000, 0x000000065c6d0000, 0x00000006e3b50000)
  eden space 56384K,   0% used [0x0000000658200000, 0x0000000658200000, 0x000000065b910000)
  from space 7040K,   0% used [0x000000065b910000, 0x000000065b910000, 0x000000065bff0000)
  to   space 7040K,   0% used [0x000000065bff0000, 0x000000065bff0000, 0x000000065c6d0000)
 tenured generation   total 140884K, used 84529K [0x00000006e3b50000, 0x00000006ec4e5000, 0x00000007fae00000)
   the space 140884K,  59% used [0x00000006e3b50000, 0x00000006e8ddc700, 0x00000006e8ddc800, 0x00000006ec4e5000)
 compacting perm gen  total 37568K, used 37567K [0x00000007fae00000, 0x00000007fd2b0000, 0x0000000800000000)
   the space 37568K,  99% used [0x00000007fae00000, 0x00000007fd2afdf0, 0x00000007fd2afe00, 0x00000007fd2b0000)
No shared spaces configured.
}
Event: 65.892 GC heap before
{Heap before GC invocations=423 (full 25):
 def new generation   total 63424K, used 56362K [0x0000000658200000, 0x000000065c6d0000, 0x00000006e3b50000)
  eden space 56384K,  99% used [0x0000000658200000, 0x000000065b90a840, 0x000000065b910000)
  from space 7040K,   0% used [0x000000065b910000, 0x000000065b910000, 0x000000065bff0000)
  to   space 7040K,   0% used [0x000000065bff0000, 0x000000065bff0000, 0x000000065c6d0000)
 tenured generation   total 140884K, used 84529K [0x00000006e3b50000, 0x00000006ec4e5000, 0x00000007fae00000)
   the space 140884K,  59% used [0x00000006e3b50000, 0x00000006e8ddc700, 0x00000006e8ddc800, 0x00000006ec4e5000)
 compacting perm gen  total 40128K, used 40085K [0x00000007fae00000, 0x00000007fd530000, 0x0000000800000000)
   the space 40128K,  99% used [0x00000007fae00000, 0x00000007fd525608, 0x00000007fd525800, 0x00000007fd530000)
No shared spaces configured.
Event: 65.920 GC heap after
Heap after GC invocations=424 (full 25):
 def new generation   total 63424K, used 7040K [0x0000000658200000, 0x000000065c6d0000, 0x00000006e3b50000)
  eden space 56384K,   0% used [0x0000000658200000, 0x0000000658200000, 0x000000065b910000)
  from space 7040K, 100% used [0x000000065bff0000, 0x000000065c6d0000, 0x000000065c6d0000)
  to   space 7040K,   0% used [0x000000065b910000, 0x000000065b910000, 0x000000065bff0000)
 tenured generation   total 140884K, used 89894K [0x00000006e3b50000, 0x00000006ec4e5000, 0x00000007fae00000)
   the space 140884K,  63% used [0x00000006e3b50000, 0x00000006e9319be8, 0x00000006e9319c00, 0x00000006ec4e5000)
 compacting perm gen  total 40128K, used 40085K [0x00000007fae00000, 0x00000007fd530000, 0x0000000800000000)
   the space 40128K,  99% used [0x00000007fae00000, 0x00000007fd525608, 0x00000007fd525800, 0x00000007fd530000)
No shared spaces configured.
}

