# JRE version: 7.0_21-b12
# Java VM: Java HotSpot(TM) 64-Bit Server VM (23.21-b01 mixed mode bsd-amd64 compressed oops)
Heap
 def new generation   total 68672K, used 15461K [0x0000000658200000, 0x000000065cc80000, 0x00000006e3b50000)
  eden space 61056K,  12% used [0x0000000658200000, 0x00000006589a96c8, 0x000000065bda0000)
  from space 7616K, 100% used [0x000000065c510000, 0x000000065cc80000, 0x000000065cc80000)
  to   space 7616K,   0% used [0x000000065bda0000, 0x000000065bda0000, 0x000000065c510000)
 tenured generation   total 152424K, used 96332K [0x00000006e3b50000, 0x00000006ed02a000, 0x00000007fae00000)
   the space 152424K,  63% used [0x00000006e3b50000, 0x00000006e9963370, 0x00000006e9963400, 0x00000006ed02a000)
 compacting perm gen  total 40448K, used 40177K [0x00000007fae00000, 0x00000007fd580000, 0x0000000800000000)
   the space 40448K,  99% used [0x00000007fae00000, 0x00000007fd53c510, 0x00000007fd53c600, 0x00000007fd580000)
GC Heap History (10 events):
Event: 52.063 GC heap before
{Heap before GC invocations=427 (full 24):
 def new generation   total 38400K, used 34837K [0x0000000658200000, 0x000000065aba0000, 0x00000006e3b50000)
  eden space 34176K, 100% used [0x0000000658200000, 0x000000065a360000, 0x000000065a360000)
  from space 4224K,  15% used [0x000000065a780000, 0x000000065a8254c0, 0x000000065aba0000)
  to   space 4224K,   0% used [0x000000065a360000, 0x000000065a360000, 0x000000065a780000)
 tenured generation   total 85116K, used 53952K [0x00000006e3b50000, 0x00000006e8e6f000, 0x00000007fae00000)
   the space 85116K,  63% used [0x00000006e3b50000, 0x00000006e70003c8, 0x00000006e7000400, 0x00000006e8e6f000)
 compacting perm gen  total 32128K, used 32080K [0x00000007fae00000, 0x00000007fcd60000, 0x0000000800000000)
   the space 32128K,  99% used [0x00000007fae00000, 0x00000007fcd542f0, 0x00000007fcd54400, 0x00000007fcd60000)
No shared spaces configured.
Event: 52.095 GC heap after
Heap after GC invocations=428 (full 24):
 def new generation   total 38400K, used 4223K [0x0000000658200000, 0x000000065aba0000, 0x00000006e3b50000)
  eden space 34176K,   0% used [0x0000000658200000, 0x0000000658200000, 0x000000065a360000)
  from space 4224K,  99% used [0x000000065a360000, 0x000000065a77ff40, 0x000000065a780000)
  to   space 4224K,   0% used [0x000000065a780000, 0x000000065a780000, 0x000000065aba0000)
 tenured generation   total 85116K, used 81544K [0x00000006e3b50000, 0x00000006e8e6f000, 0x00000007fae00000)
   the space 85116K,  95% used [0x00000006e3b50000, 0x00000006e8af2040, 0x00000006e8af2200, 0x00000006e8e6f000)
 compacting perm gen  total 32128K, used 32080K [0x00000007fae00000, 0x00000007fcd60000, 0x0000000800000000)
   the space 32128K,  99% used [0x00000007fae00000, 0x00000007fcd542f0, 0x00000007fcd54400, 0x00000007fcd60000)
No shared spaces configured.
}
Event: 52.495 GC heap before
{Heap before GC invocations=428 (full 24):
 def new generation   total 38400K, used 38399K [0x0000000658200000, 0x000000065aba0000, 0x00000006e3b50000)
  eden space 34176K, 100% used [0x0000000658200000, 0x000000065a360000, 0x000000065a360000)
  from space 4224K,  99% used [0x000000065a360000, 0x000000065a77ff40, 0x000000065a780000)
  to   space 4224K,   0% used [0x000000065a780000, 0x000000065a780000, 0x000000065aba0000)
 tenured generation   total 85116K, used 81544K [0x00000006e3b50000, 0x00000006e8e6f000, 0x00000007fae00000)
   the space 85116K,  95% used [0x00000006e3b50000, 0x00000006e8af2040, 0x00000006e8af2200, 0x00000006e8e6f000)
 compacting perm gen  total 32128K, used 32087K [0x00000007fae00000, 0x00000007fcd60000, 0x0000000800000000)
   the space 32128K,  99% used [0x00000007fae00000, 0x00000007fcd55cb0, 0x00000007fcd55e00, 0x00000007fcd60000)
No shared spaces configured.
Event: 52.961 GC heap after
Heap after GC invocations=429 (full 25):
 def new generation   total 59904K, used 0K [0x0000000658200000, 0x000000065c300000, 0x00000006e3b50000)
  eden space 53248K,   0% used [0x0000000658200000, 0x0000000658200000, 0x000000065b600000)
  from space 6656K,   0% used [0x000000065b600000, 0x000000065b600000, 0x000000065bc80000)
  to   space 6656K,   0% used [0x000000065bc80000, 0x000000065bc80000, 0x000000065c300000)
 tenured generation   total 133024K, used 79812K [0x00000006e3b50000, 0x00000006ebd38000, 0x00000007fae00000)
   the space 133024K,  59% used [0x00000006e3b50000, 0x00000006e89411b8, 0x00000006e8941200, 0x00000006ebd38000)
 compacting perm gen  total 32128K, used 32087K [0x00000007fae00000, 0x00000007fcd60000, 0x0000000800000000)
   the space 32128K,  99% used [0x00000007fae00000, 0x00000007fcd55cb0, 0x00000007fcd55e00, 0x00000007fcd60000)
No shared spaces configured.
}
Event: 55.964 GC heap before
{Heap before GC invocations=429 (full 25):
 def new generation   total 59904K, used 53248K [0x0000000658200000, 0x000000065c300000, 0x00000006e3b50000)
  eden space 53248K, 100% used [0x0000000658200000, 0x000000065b600000, 0x000000065b600000)
  from space 6656K,   0% used [0x000000065b600000, 0x000000065b600000, 0x000000065bc80000)
  to   space 6656K,   0% used [0x000000065bc80000, 0x000000065bc80000, 0x000000065c300000)
 tenured generation   total 133024K, used 79812K [0x00000006e3b50000, 0x00000006ebd38000, 0x00000007fae00000)
   the space 133024K,  59% used [0x00000006e3b50000, 0x00000006e89411b8, 0x00000006e8941200, 0x00000006ebd38000)
 compacting perm gen  total 34048K, used 33924K [0x00000007fae00000, 0x00000007fcf40000, 0x0000000800000000)
   the space 34048K,  99% used [0x00000007fae00000, 0x00000007fcf212a8, 0x00000007fcf21400, 0x00000007fcf40000)
No shared spaces configured.
Event: 55.991 GC heap after
Heap after GC invocations=430 (full 25):
 def new generation   total 59904K, used 6655K [0x0000000658200000, 0x000000065c300000, 0x00000006e3b50000)
  eden space 53248K,   0% used [0x0000000658200000, 0x0000000658200000, 0x000000065b600000)
  from space 6656K,  99% used [0x000000065bc80000, 0x000000065c2ffff8, 0x000000065c300000)
  to   space 6656K,   0% used [0x000000065b600000, 0x000000065b600000, 0x000000065bc80000)
 tenured generation   total 133024K, used 99498K [0x00000006e3b50000, 0x00000006ebd38000, 0x00000007fae00000)
   the space 133024K,  74% used [0x00000006e3b50000, 0x00000006e9c7ab70, 0x00000006e9c7ac00, 0x00000006ebd38000)
 compacting perm gen  total 34048K, used 33924K [0x00000007fae00000, 0x00000007fcf40000, 0x0000000800000000)
   the space 34048K,  99% used [0x00000007fae00000, 0x00000007fcf212a8, 0x00000007fcf21400, 0x00000007fcf40000)
No shared spaces configured.
}
Event: 57.498 GC heap before
{Heap before GC invocations=430 (full 25):
 def new generation   total 59904K, used 31108K [0x0000000658200000, 0x000000065c300000, 0x00000006e3b50000)
  eden space 53248K,  45% used [0x0000000658200000, 0x00000006599e1260, 0x000000065b600000)
  from space 6656K,  99% used [0x000000065bc80000, 0x000000065c2ffff8, 0x000000065c300000)
  to   space 6656K,   0% used [0x000000065b600000, 0x000000065b600000, 0x000000065bc80000)
 tenured generation   total 133024K, used 99498K [0x00000006e3b50000, 0x00000006ebd38000, 0x00000007fae00000)
   the space 133024K,  74% used [0x00000006e3b50000, 0x00000006e9c7ab70, 0x00000006e9c7ac00, 0x00000006ebd38000)
 compacting perm gen  total 37568K, used 37565K [0x00000007fae00000, 0x00000007fd2b0000, 0x0000000800000000)
   the space 37568K,  99% used [0x00000007fae00000, 0x00000007fd2af5a0, 0x00000007fd2af600, 0x00000007fd2b0000)
No shared spaces configured.
Event: 57.811 GC heap after
Heap after GC invocations=431 (full 26):
 def new generation   total 68672K, used 0K [0x0000000658200000, 0x000000065cc80000, 0x00000006e3b50000)
  eden space 61056K,   0% used [0x0000000658200000, 0x0000000658200000, 0x000000065bda0000)
  from space 7616K,   0% used [0x000000065bda0000, 0x000000065bda0000, 0x000000065c510000)
  to   space 7616K,   0% used [0x000000065c510000, 0x000000065c510000, 0x000000065cc80000)
 tenured generation   total 152424K, used 91453K [0x00000006e3b50000, 0x00000006ed02a000, 0x00000007fae00000)
   the space 152424K,  59% used [0x00000006e3b50000, 0x00000006e949f408, 0x00000006e949f600, 0x00000006ed02a000)
 compacting perm gen  total 37568K, used 37565K [0x00000007fae00000, 0x00000007fd2b0000, 0x0000000800000000)
   the space 37568K,  99% used [0x00000007fae00000, 0x00000007fd2af5a0, 0x00000007fd2af600, 0x00000007fd2b0000)
No shared spaces configured.
}
Event: 1617.717 GC heap before
{Heap before GC invocations=431 (full 26):
 def new generation   total 68672K, used 60643K [0x0000000658200000, 0x000000065cc80000, 0x00000006e3b50000)
  eden space 61056K,  99% used [0x0000000658200000, 0x000000065bd38f70, 0x000000065bda0000)
  from space 7616K,   0% used [0x000000065bda0000, 0x000000065bda0000, 0x000000065c510000)
  to   space 7616K,   0% used [0x000000065c510000, 0x000000065c510000, 0x000000065cc80000)
 tenured generation   total 152424K, used 91453K [0x00000006e3b50000, 0x00000006ed02a000, 0x00000007fae00000)
   the space 152424K,  59% used [0x00000006e3b50000, 0x00000006e949f408, 0x00000006e949f600, 0x00000006ed02a000)
 compacting perm gen  total 40448K, used 40177K [0x00000007fae00000, 0x00000007fd580000, 0x0000000800000000)
   the space 40448K,  99% used [0x00000007fae00000, 0x00000007fd53c448, 0x00000007fd53c600, 0x00000007fd580000)
No shared spaces configured.
Event: 1617.749 GC heap after
Heap after GC invocations=432 (full 26):
 def new generation   total 68672K, used 7616K [0x0000000658200000, 0x000000065cc80000, 0x00000006e3b50000)
  eden space 61056K,   0% used [0x0000000658200000, 0x0000000658200000, 0x000000065bda0000)
  from space 7616K, 100% used [0x000000065c510000, 0x000000065cc80000, 0x000000065cc80000)
  to   space 7616K,   0% used [0x000000065bda0000, 0x000000065bda0000, 0x000000065c510000)
 tenured generation   total 152424K, used 96332K [0x00000006e3b50000, 0x00000006ed02a000, 0x00000007fae00000)
   the space 152424K,  63% used [0x00000006e3b50000, 0x00000006e9963370, 0x00000006e9963400, 0x00000006ed02a000)
 compacting perm gen  total 40448K, used 40177K [0x00000007fae00000, 0x00000007fd580000, 0x0000000800000000)
   the space 40448K,  99% used [0x00000007fae00000, 0x00000007fd53c448, 0x00000007fd53c600, 0x00000007fd580000)
No shared spaces configured.
}

