# JRE version: 7.0_21-b12
# Java VM: Java HotSpot(TM) 64-Bit Server VM (23.21-b01 mixed mode bsd-amd64 compressed oops)
Heap
 def new generation   total 63936K, used 56682K [0x0000000658200000, 0x000000065c760000, 0x00000006e3b50000)
  eden space 56832K,  99% used [0x0000000658200000, 0x000000065b95a9d8, 0x000000065b980000)
  from space 7104K,   0% used [0x000000065b980000, 0x000000065b980000, 0x000000065c070000)
  to   space 7104K,   0% used [0x000000065c070000, 0x000000065c070000, 0x000000065c760000)
 tenured generation   total 141940K, used 85163K [0x00000006e3b50000, 0x00000006ec5ed000, 0x00000007fae00000)
   the space 141940K,  59% used [0x00000006e3b50000, 0x00000006e8e7ac28, 0x00000006e8e7ae00, 0x00000006ec5ed000)
 compacting perm gen  total 40448K, used 40172K [0x00000007fae00000, 0x00000007fd580000, 0x0000000800000000)
   the space 40448K,  99% used [0x00000007fae00000, 0x00000007fd53b0f0, 0x00000007fd53b200, 0x00000007fd580000)
GC Heap History (10 events):
Event: 53.357 GC heap before
{Heap before GC invocations=419 (full 23):
 def new generation   total 34752K, used 32467K [0x0000000658200000, 0x000000065a7b0000, 0x00000006e3b50000)
  eden space 30912K,  99% used [0x0000000658200000, 0x000000065a02f370, 0x000000065a030000)
  from space 3840K,  40% used [0x000000065a3f0000, 0x000000065a5758d8, 0x000000065a7b0000)
  to   space 3840K,   0% used [0x000000065a030000, 0x000000065a030000, 0x000000065a3f0000)
 tenured generation   total 77088K, used 59158K [0x00000006e3b50000, 0x00000006e8698000, 0x00000007fae00000)
   the space 77088K,  76% used [0x00000006e3b50000, 0x00000006e7515958, 0x00000006e7515a00, 0x00000006e8698000)
 compacting perm gen  total 32128K, used 32081K [0x00000007fae00000, 0x00000007fcd60000, 0x0000000800000000)
   the space 32128K,  99% used [0x00000007fae00000, 0x00000007fcd54508, 0x00000007fcd54600, 0x00000007fcd60000)
No shared spaces configured.
Event: 53.361 GC heap after
Heap after GC invocations=420 (full 23):
 def new generation   total 34752K, used 377K [0x0000000658200000, 0x000000065a7b0000, 0x00000006e3b50000)
  eden space 30912K,   0% used [0x0000000658200000, 0x0000000658200000, 0x000000065a030000)
  from space 3840K,   9% used [0x000000065a030000, 0x000000065a08e500, 0x000000065a3f0000)
  to   space 3840K,   0% used [0x000000065a3f0000, 0x000000065a3f0000, 0x000000065a7b0000)
 tenured generation   total 77088K, used 59158K [0x00000006e3b50000, 0x00000006e8698000, 0x00000007fae00000)
   the space 77088K,  76% used [0x00000006e3b50000, 0x00000006e7515958, 0x00000006e7515a00, 0x00000006e8698000)
 compacting perm gen  total 32128K, used 32081K [0x00000007fae00000, 0x00000007fcd60000, 0x0000000800000000)
   the space 32128K,  99% used [0x00000007fae00000, 0x00000007fcd54508, 0x00000007fcd54600, 0x00000007fcd60000)
No shared spaces configured.
}
Event: 53.735 GC heap before
{Heap before GC invocations=420 (full 23):
 def new generation   total 34752K, used 31289K [0x0000000658200000, 0x000000065a7b0000, 0x00000006e3b50000)
  eden space 30912K, 100% used [0x0000000658200000, 0x000000065a030000, 0x000000065a030000)
  from space 3840K,   9% used [0x000000065a030000, 0x000000065a08e500, 0x000000065a3f0000)
  to   space 3840K,   0% used [0x000000065a3f0000, 0x000000065a3f0000, 0x000000065a7b0000)
 tenured generation   total 77088K, used 59158K [0x00000006e3b50000, 0x00000006e8698000, 0x00000007fae00000)
   the space 77088K,  76% used [0x00000006e3b50000, 0x00000006e7515958, 0x00000006e7515a00, 0x00000006e8698000)
 compacting perm gen  total 32128K, used 32081K [0x00000007fae00000, 0x00000007fcd60000, 0x0000000800000000)
   the space 32128K,  99% used [0x00000007fae00000, 0x00000007fcd54508, 0x00000007fcd54600, 0x00000007fcd60000)
No shared spaces configured.
Event: 53.740 GC heap after
Heap after GC invocations=421 (full 23):
 def new generation   total 34752K, used 3839K [0x0000000658200000, 0x000000065a7b0000, 0x00000006e3b50000)
  eden space 30912K,   0% used [0x0000000658200000, 0x0000000658200000, 0x000000065a030000)
  from space 3840K,  99% used [0x000000065a3f0000, 0x000000065a7aff80, 0x000000065a7b0000)
  to   space 3840K,   0% used [0x000000065a030000, 0x000000065a030000, 0x000000065a3f0000)
 tenured generation   total 77088K, used 59518K [0x00000006e3b50000, 0x00000006e8698000, 0x00000007fae00000)
   the space 77088K,  77% used [0x00000006e3b50000, 0x00000006e756fa60, 0x00000006e756fc00, 0x00000006e8698000)
 compacting perm gen  total 32128K, used 32081K [0x00000007fae00000, 0x00000007fcd60000, 0x0000000800000000)
   the space 32128K,  99% used [0x00000007fae00000, 0x00000007fcd54508, 0x00000007fcd54600, 0x00000007fcd60000)
No shared spaces configured.
}
Event: 53.749 GC heap before
{Heap before GC invocations=421 (full 23):
 def new generation   total 34752K, used 34751K [0x0000000658200000, 0x000000065a7b0000, 0x00000006e3b50000)
  eden space 30912K, 100% used [0x0000000658200000, 0x000000065a030000, 0x000000065a030000)
  from space 3840K,  99% used [0x000000065a3f0000, 0x000000065a7aff80, 0x000000065a7b0000)
  to   space 3840K,   0% used [0x000000065a030000, 0x000000065a030000, 0x000000065a3f0000)
 tenured generation   total 77088K, used 59518K [0x00000006e3b50000, 0x00000006e8698000, 0x00000007fae00000)
   the space 77088K,  77% used [0x00000006e3b50000, 0x00000006e756fa60, 0x00000006e756fc00, 0x00000006e8698000)
 compacting perm gen  total 32128K, used 32081K [0x00000007fae00000, 0x00000007fcd60000, 0x0000000800000000)
   the space 32128K,  99% used [0x00000007fae00000, 0x00000007fcd54508, 0x00000007fcd54600, 0x00000007fcd60000)
No shared spaces configured.
Event: 53.995 GC heap after
Heap after GC invocations=422 (full 24):
 def new generation   total 63744K, used 0K [0x0000000658200000, 0x000000065c720000, 0x00000006e3b50000)
  eden space 56704K,   0% used [0x0000000658200000, 0x0000000658200000, 0x000000065b960000)
  from space 7040K,   0% used [0x000000065b960000, 0x000000065b960000, 0x000000065c040000)
  to   space 7040K,   0% used [0x000000065c040000, 0x000000065c040000, 0x000000065c720000)
 tenured generation   total 141468K, used 84878K [0x00000006e3b50000, 0x00000006ec577000, 0x00000007fae00000)
   the space 141468K,  59% used [0x00000006e3b50000, 0x00000006e8e33ae8, 0x00000006e8e33c00, 0x00000006ec577000)
 compacting perm gen  total 32128K, used 32081K [0x00000007fae00000, 0x00000007fcd60000, 0x0000000800000000)
   the space 32128K,  99% used [0x00000007fae00000, 0x00000007fcd54508, 0x00000007fcd54600, 0x00000007fcd60000)
No shared spaces configured.
}
Event: 56.658 GC heap before
{Heap before GC invocations=422 (full 24):
 def new generation   total 63744K, used 55638K [0x0000000658200000, 0x000000065c720000, 0x00000006e3b50000)
  eden space 56704K,  98% used [0x0000000658200000, 0x000000065b855870, 0x000000065b960000)
  from space 7040K,   0% used [0x000000065b960000, 0x000000065b960000, 0x000000065c040000)
  to   space 7040K,   0% used [0x000000065c040000, 0x000000065c040000, 0x000000065c720000)
 tenured generation   total 141468K, used 84878K [0x00000006e3b50000, 0x00000006ec577000, 0x00000007fae00000)
   the space 141468K,  59% used [0x00000006e3b50000, 0x00000006e8e33ae8, 0x00000006e8e33c00, 0x00000006ec577000)
 compacting perm gen  total 34048K, used 33916K [0x00000007fae00000, 0x00000007fcf40000, 0x0000000800000000)
   the space 34048K,  99% used [0x00000007fae00000, 0x00000007fcf1f3d8, 0x00000007fcf1f400, 0x00000007fcf40000)
No shared spaces configured.
Event: 56.680 GC heap after
Heap after GC invocations=423 (full 24):
 def new generation   total 63744K, used 7040K [0x0000000658200000, 0x000000065c720000, 0x00000006e3b50000)
  eden space 56704K,   0% used [0x0000000658200000, 0x0000000658200000, 0x000000065b960000)
  from space 7040K, 100% used [0x000000065c040000, 0x000000065c720000, 0x000000065c720000)
  to   space 7040K,   0% used [0x000000065b960000, 0x000000065b960000, 0x000000065c040000)
 tenured generation   total 141468K, used 91112K [0x00000006e3b50000, 0x00000006ec577000, 0x00000007fae00000)
   the space 141468K,  64% used [0x00000006e3b50000, 0x00000006e944a3a8, 0x00000006e944a400, 0x00000006ec577000)
 compacting perm gen  total 34048K, used 33916K [0x00000007fae00000, 0x00000007fcf40000, 0x0000000800000000)
   the space 34048K,  99% used [0x00000007fae00000, 0x00000007fcf1f3d8, 0x00000007fcf1f400, 0x00000007fcf40000)
No shared spaces configured.
}
Event: 58.242 GC heap before
{Heap before GC invocations=423 (full 24):
 def new generation   total 63744K, used 59460K [0x0000000658200000, 0x000000065c720000, 0x00000006e3b50000)
  eden space 56704K,  92% used [0x0000000658200000, 0x000000065b531320, 0x000000065b960000)
  from space 7040K, 100% used [0x000000065c040000, 0x000000065c720000, 0x000000065c720000)
  to   space 7040K,   0% used [0x000000065b960000, 0x000000065b960000, 0x000000065c040000)
 tenured generation   total 141468K, used 91112K [0x00000006e3b50000, 0x00000006ec577000, 0x00000007fae00000)
   the space 141468K,  64% used [0x00000006e3b50000, 0x00000006e944a3a8, 0x00000006e944a400, 0x00000006ec577000)
 compacting perm gen  total 37568K, used 37566K [0x00000007fae00000, 0x00000007fd2b0000, 0x0000000800000000)
   the space 37568K,  99% used [0x00000007fae00000, 0x00000007fd2af808, 0x00000007fd2afa00, 0x00000007fd2b0000)
No shared spaces configured.
Event: 58.527 GC heap after
Heap after GC invocations=424 (full 25):
 def new generation   total 63936K, used 0K [0x0000000658200000, 0x000000065c760000, 0x00000006e3b50000)
  eden space 56832K,   0% used [0x0000000658200000, 0x0000000658200000, 0x000000065b980000)
  from space 7104K,   0% used [0x000000065b980000, 0x000000065b980000, 0x000000065c070000)
  to   space 7104K,   0% used [0x000000065c070000, 0x000000065c070000, 0x000000065c760000)
 tenured generation   total 141940K, used 85163K [0x00000006e3b50000, 0x00000006ec5ed000, 0x00000007fae00000)
   the space 141940K,  59% used [0x00000006e3b50000, 0x00000006e8e7ac28, 0x00000006e8e7ae00, 0x00000006ec5ed000)
 compacting perm gen  total 37568K, used 37566K [0x00000007fae00000, 0x00000007fd2b0000, 0x0000000800000000)
   the space 37568K,  99% used [0x00000007fae00000, 0x00000007fd2af808, 0x00000007fd2afa00, 0x00000007fd2b0000)
No shared spaces configured.
}

