# JRE version: 7.0_21-b12
# Java VM: Java HotSpot(TM) 64-Bit Server VM (23.21-b01 mixed mode bsd-amd64 compressed oops)
Heap
 PSYoungGen      total 783488K, used 416909K [0x00000007746b0000, 0x00000007ba010000, 0x0000000800000000)
  eden space 547584K, 63% used [0x00000007746b0000,0x0000000789c99198,0x0000000795d70000)
  from space 235904K, 28% used [0x0000000795d70000,0x0000000799eaa510,0x00000007a43d0000)
  to   space 224704K, 0% used [0x00000007ac4a0000,0x00000007ac4a0000,0x00000007ba010000)
 ParOldGen       total 529792K, used 260786K [0x000000065d400000, 0x000000067d960000, 0x00000007746b0000)
  object space 529792K, 49% used [0x000000065d400000,0x000000066d2acad8,0x000000067d960000)
 PSPermGen       total 69888K, used 41919K [0x0000000658200000, 0x000000065c640000, 0x000000065d400000)
  object space 69888K, 59% used [0x0000000658200000,0x000000065aaefe20,0x000000065c640000)
GC Heap History (10 events):
Event: 11.981 GC heap before
{Heap before GC invocations=16 (full 4):
 PSYoungGen      total 656576K, used 41854K [0x00000007746b0000, 0x00000007ac1d0000, 0x0000000800000000)
  eden space 432768K, 0% used [0x00000007746b0000,0x00000007746b0000,0x000000078ed50000)
  from space 223808K, 18% used [0x000000079e740000,0x00000007a101f910,0x00000007ac1d0000)
  to   space 239872K, 0% used [0x000000078ed50000,0x000000078ed50000,0x000000079d790000)
 ParOldGen       total 597184K, used 597165K [0x000000065d400000, 0x0000000681b30000, 0x00000007746b0000)
  object space 597184K, 99% used [0x000000065d400000,0x0000000681b2b4a0,0x0000000681b30000)
 PSPermGen       total 73600K, used 36737K [0x0000000658200000, 0x000000065c9e0000, 0x000000065d400000)
  object space 73600K, 49% used [0x0000000658200000,0x000000065a5e0620,0x000000065c9e0000)
Event: 12.128 GC heap after
Heap after GC invocations=16 (full 4):
 PSYoungGen      total 656576K, used 0K [0x00000007746b0000, 0x00000007ac1d0000, 0x0000000800000000)
  eden space 432768K, 0% used [0x00000007746b0000,0x00000007746b0000,0x000000078ed50000)
  from space 223808K, 0% used [0x000000079e740000,0x000000079e740000,0x00000007ac1d0000)
  to   space 239872K, 0% used [0x000000078ed50000,0x000000078ed50000,0x000000079d790000)
 ParOldGen       total 278272K, used 44065K [0x000000065d400000, 0x000000066e3c0000, 0x00000007746b0000)
  object space 278272K, 15% used [0x000000065d400000,0x000000065ff085c0,0x000000066e3c0000)
 PSPermGen       total 71936K, used 36736K [0x0000000658200000, 0x000000065c840000, 0x000000065d400000)
  object space 71936K, 51% used [0x0000000658200000,0x000000065a5e00d0,0x000000065c840000)
}
Event: 15.464 GC heap before
{Heap before GC invocations=17 (full 4):
 PSYoungGen      total 656576K, used 432768K [0x00000007746b0000, 0x00000007ac1d0000, 0x0000000800000000)
  eden space 432768K, 100% used [0x00000007746b0000,0x000000078ed50000,0x000000078ed50000)
  from space 223808K, 0% used [0x000000079e740000,0x000000079e740000,0x00000007ac1d0000)
  to   space 239872K, 0% used [0x000000078ed50000,0x000000078ed50000,0x000000079d790000)
 ParOldGen       total 278272K, used 44065K [0x000000065d400000, 0x000000066e3c0000, 0x00000007746b0000)
  object space 278272K, 15% used [0x000000065d400000,0x000000065ff085c0,0x000000066e3c0000)
 PSPermGen       total 71936K, used 36945K [0x0000000658200000, 0x000000065c840000, 0x000000065d400000)
  object space 71936K, 51% used [0x0000000658200000,0x000000065a6145e8,0x000000065c840000)
Event: 15.523 GC heap after
Heap after GC invocations=17 (full 4):
 PSYoungGen      total 672640K, used 154522K [0x00000007746b0000, 0x00000007b57d0000, 0x0000000800000000)
  eden space 432768K, 0% used [0x00000007746b0000,0x00000007746b0000,0x000000078ed50000)
  from space 239872K, 64% used [0x000000078ed50000,0x0000000798436bf8,0x000000079d790000)
  to   space 251392K, 0% used [0x00000007a6250000,0x00000007a6250000,0x00000007b57d0000)
 ParOldGen       total 278272K, used 44073K [0x000000065d400000, 0x000000066e3c0000, 0x00000007746b0000)
  object space 278272K, 15% used [0x000000065d400000,0x000000065ff0a5c0,0x000000066e3c0000)
 PSPermGen       total 71936K, used 36945K [0x0000000658200000, 0x000000065c840000, 0x000000065d400000)
  object space 71936K, 51% used [0x0000000658200000,0x000000065a6145e8,0x000000065c840000)
}
Event: 20.512 GC heap before
{Heap before GC invocations=18 (full 4):
 PSYoungGen      total 672640K, used 587290K [0x00000007746b0000, 0x00000007b57d0000, 0x0000000800000000)
  eden space 432768K, 100% used [0x00000007746b0000,0x000000078ed50000,0x000000078ed50000)
  from space 239872K, 64% used [0x000000078ed50000,0x0000000798436bf8,0x000000079d790000)
  to   space 251392K, 0% used [0x00000007a6250000,0x00000007a6250000,0x00000007b57d0000)
 ParOldGen       total 278272K, used 44073K [0x000000065d400000, 0x000000066e3c0000, 0x00000007746b0000)
  object space 278272K, 15% used [0x000000065d400000,0x000000065ff0a5c0,0x000000066e3c0000)
 PSPermGen       total 71936K, used 37048K [0x0000000658200000, 0x000000065c840000, 0x000000065d400000)
  object space 71936K, 51% used [0x0000000658200000,0x000000065a62e350,0x000000065c840000)
Event: 20.604 GC heap after
Heap after GC invocations=18 (full 4):
 PSYoungGen      total 752256K, used 90006K [0x00000007746b0000, 0x00000007b2a30000, 0x0000000800000000)
  eden space 547584K, 0% used [0x00000007746b0000,0x00000007746b0000,0x0000000795d70000)
  from space 204672K, 43% used [0x00000007a6250000,0x00000007aba359f0,0x00000007b2a30000)
  to   space 235904K, 0% used [0x0000000795d70000,0x0000000795d70000,0x00000007a43d0000)
 ParOldGen       total 278272K, used 182622K [0x000000065d400000, 0x000000066e3c0000, 0x00000007746b0000)
  object space 278272K, 65% used [0x000000065d400000,0x0000000668657b70,0x000000066e3c0000)
 PSPermGen       total 71936K, used 37048K [0x0000000658200000, 0x000000065c840000, 0x000000065d400000)
  object space 71936K, 51% used [0x0000000658200000,0x000000065a62e350,0x000000065c840000)
}
Event: 20.604 GC heap before
{Heap before GC invocations=19 (full 5):
 PSYoungGen      total 752256K, used 90006K [0x00000007746b0000, 0x00000007b2a30000, 0x0000000800000000)
  eden space 547584K, 0% used [0x00000007746b0000,0x00000007746b0000,0x0000000795d70000)
  from space 204672K, 43% used [0x00000007a6250000,0x00000007aba359f0,0x00000007b2a30000)
  to   space 235904K, 0% used [0x0000000795d70000,0x0000000795d70000,0x00000007a43d0000)
 ParOldGen       total 278272K, used 182622K [0x000000065d400000, 0x000000066e3c0000, 0x00000007746b0000)
  object space 278272K, 65% used [0x000000065d400000,0x0000000668657b70,0x000000066e3c0000)
 PSPermGen       total 71936K, used 37048K [0x0000000658200000, 0x000000065c840000, 0x000000065d400000)
  object space 71936K, 51% used [0x0000000658200000,0x000000065a62e350,0x000000065c840000)
Event: 20.793 GC heap after
Heap after GC invocations=19 (full 5):
 PSYoungGen      total 752256K, used 0K [0x00000007746b0000, 0x00000007b2a30000, 0x0000000800000000)
  eden space 547584K, 0% used [0x00000007746b0000,0x00000007746b0000,0x0000000795d70000)
  from space 204672K, 0% used [0x00000007a6250000,0x00000007a6250000,0x00000007b2a30000)
  to   space 235904K, 0% used [0x0000000795d70000,0x0000000795d70000,0x00000007a43d0000)
 ParOldGen       total 529792K, used 260786K [0x000000065d400000, 0x000000067d960000, 0x00000007746b0000)
  object space 529792K, 49% used [0x000000065d400000,0x000000066d2acad8,0x000000067d960000)
 PSPermGen       total 69888K, used 37047K [0x0000000658200000, 0x000000065c640000, 0x000000065d400000)
  object space 69888K, 53% used [0x0000000658200000,0x000000065a62dfd0,0x000000065c640000)
}
Event: 26.810 GC heap before
{Heap before GC invocations=20 (full 5):
 PSYoungGen      total 752256K, used 547584K [0x00000007746b0000, 0x00000007b2a30000, 0x0000000800000000)
  eden space 547584K, 100% used [0x00000007746b0000,0x0000000795d70000,0x0000000795d70000)
  from space 204672K, 0% used [0x00000007a6250000,0x00000007a6250000,0x00000007b2a30000)
  to   space 235904K, 0% used [0x0000000795d70000,0x0000000795d70000,0x00000007a43d0000)
 ParOldGen       total 529792K, used 260786K [0x000000065d400000, 0x000000067d960000, 0x00000007746b0000)
  object space 529792K, 49% used [0x000000065d400000,0x000000066d2acad8,0x000000067d960000)
 PSPermGen       total 69888K, used 41593K [0x0000000658200000, 0x000000065c640000, 0x000000065d400000)
  object space 69888K, 59% used [0x0000000658200000,0x000000065aa9e418,0x000000065c640000)
Event: 26.863 GC heap after
Heap after GC invocations=20 (full 5):
 PSYoungGen      total 783488K, used 66793K [0x00000007746b0000, 0x00000007ba010000, 0x0000000800000000)
  eden space 547584K, 0% used [0x00000007746b0000,0x00000007746b0000,0x0000000795d70000)
  from space 235904K, 28% used [0x0000000795d70000,0x0000000799eaa510,0x00000007a43d0000)
  to   space 224704K, 0% used [0x00000007ac4a0000,0x00000007ac4a0000,0x00000007ba010000)
 ParOldGen       total 529792K, used 260786K [0x000000065d400000, 0x000000067d960000, 0x00000007746b0000)
  object space 529792K, 49% used [0x000000065d400000,0x000000066d2acad8,0x000000067d960000)
 PSPermGen       total 69888K, used 41593K [0x0000000658200000, 0x000000065c640000, 0x000000065d400000)
  object space 69888K, 59% used [0x0000000658200000,0x000000065aa9e418,0x000000065c640000)
}

