# JRE version: 7.0_21-b12
# Java VM: Java HotSpot(TM) 64-Bit Server VM (23.21-b01 mixed mode bsd-amd64 compressed oops)
Heap
 PSYoungGen      total 780160K, used 400780K [0x00000007746b0000, 0x00000007bd4c0000, 0x0000000800000000)
  eden space 402624K, 37% used [0x00000007746b0000,0x000000077db0aa50,0x000000078cfe0000)
  from space 377536K, 65% used [0x000000078cfe0000,0x000000079c2e8830,0x00000007a4090000)
  to   space 375552K, 0% used [0x00000007a6600000,0x00000007a6600000,0x00000007bd4c0000)
 ParOldGen       total 1240064K, used 1077814K [0x000000065d400000, 0x00000006a8f00000, 0x00000007746b0000)
  object space 1240064K, 86% used [0x000000065d400000,0x000000069f08dbc0,0x00000006a8f00000)
 PSPermGen       total 51520K, used 36381K [0x0000000658200000, 0x000000065b450000, 0x000000065d400000)
  object space 51520K, 70% used [0x0000000658200000,0x000000065a5876a0,0x000000065b450000)
GC Heap History (10 events):
Event: 67.256 GC heap before
{Heap before GC invocations=99 (full 10):
 PSYoungGen      total 705216K, used 601568K [0x00000007746b0000, 0x00000007baa60000, 0x0000000800000000)
  eden space 326528K, 100% used [0x00000007746b0000,0x0000000788590000,0x0000000788590000)
  from space 378688K, 72% used [0x0000000788590000,0x0000000799228000,0x000000079f760000)
  to   space 391616K, 0% used [0x00000007a2bf0000,0x00000007a2bf0000,0x00000007baa60000)
 ParOldGen       total 996608K, used 802554K [0x000000065d400000, 0x000000069a140000, 0x00000007746b0000)
  object space 996608K, 80% used [0x000000065d400000,0x000000068e3bea40,0x000000069a140000)
 PSPermGen       total 53696K, used 36269K [0x0000000658200000, 0x000000065b670000, 0x000000065d400000)
  object space 53696K, 67% used [0x0000000658200000,0x000000065a56b638,0x000000065b670000)
Event: 67.347 GC heap after
Heap after GC invocations=99 (full 10):
 PSYoungGen      total 727040K, used 211296K [0x00000007746b0000, 0x00000007b8cc0000, 0x0000000800000000)
  eden space 365760K, 0% used [0x00000007746b0000,0x00000007746b0000,0x000000078abe0000)
  from space 361280K, 58% used [0x00000007a2bf0000,0x00000007afa48000,0x00000007b8cc0000)
  to   space 377280K, 0% used [0x000000078abe0000,0x000000078abe0000,0x00000007a1c50000)
 ParOldGen       total 996608K, used 871978K [0x000000065d400000, 0x000000069a140000, 0x00000007746b0000)
  object space 996608K, 87% used [0x000000065d400000,0x000000069278aa40,0x000000069a140000)
 PSPermGen       total 53696K, used 36269K [0x0000000658200000, 0x000000065b670000, 0x000000065d400000)
  object space 53696K, 67% used [0x0000000658200000,0x000000065a56b638,0x000000065b670000)
}
Event: 69.637 GC heap before
{Heap before GC invocations=100 (full 10):
 PSYoungGen      total 727040K, used 577056K [0x00000007746b0000, 0x00000007b8cc0000, 0x0000000800000000)
  eden space 365760K, 100% used [0x00000007746b0000,0x000000078abe0000,0x000000078abe0000)
  from space 361280K, 58% used [0x00000007a2bf0000,0x00000007afa48000,0x00000007b8cc0000)
  to   space 377280K, 0% used [0x000000078abe0000,0x000000078abe0000,0x00000007a1c50000)
 ParOldGen       total 996608K, used 871978K [0x000000065d400000, 0x000000069a140000, 0x00000007746b0000)
  object space 996608K, 87% used [0x000000065d400000,0x000000069278aa40,0x000000069a140000)
 PSPermGen       total 53696K, used 36281K [0x0000000658200000, 0x000000065b670000, 0x000000065d400000)
  object space 53696K, 67% used [0x0000000658200000,0x000000065a56e678,0x000000065b670000)
Event: 69.813 GC heap after
Heap after GC invocations=100 (full 10):
 PSYoungGen      total 743040K, used 248512K [0x00000007746b0000, 0x00000007bb500000, 0x0000000800000000)
  eden space 365760K, 0% used [0x00000007746b0000,0x00000007746b0000,0x000000078abe0000)
  from space 377280K, 65% used [0x000000078abe0000,0x0000000799e90000,0x00000007a1c50000)
  to   space 377728K, 0% used [0x00000007a4420000,0x00000007a4420000,0x00000007bb500000)
 ParOldGen       total 996608K, used 948442K [0x000000065d400000, 0x000000069a140000, 0x00000007746b0000)
  object space 996608K, 95% used [0x000000065d400000,0x0000000697236a40,0x000000069a140000)
 PSPermGen       total 53696K, used 36281K [0x0000000658200000, 0x000000065b670000, 0x000000065d400000)
  object space 53696K, 67% used [0x0000000658200000,0x000000065a56e678,0x000000065b670000)
}
Event: 69.813 GC heap before
{Heap before GC invocations=101 (full 11):
 PSYoungGen      total 743040K, used 248512K [0x00000007746b0000, 0x00000007bb500000, 0x0000000800000000)
  eden space 365760K, 0% used [0x00000007746b0000,0x00000007746b0000,0x000000078abe0000)
  from space 377280K, 65% used [0x000000078abe0000,0x0000000799e90000,0x00000007a1c50000)
  to   space 377728K, 0% used [0x00000007a4420000,0x00000007a4420000,0x00000007bb500000)
 ParOldGen       total 996608K, used 948442K [0x000000065d400000, 0x000000069a140000, 0x00000007746b0000)
  object space 996608K, 95% used [0x000000065d400000,0x0000000697236a40,0x000000069a140000)
 PSPermGen       total 53696K, used 36281K [0x0000000658200000, 0x000000065b670000, 0x000000065d400000)
  object space 53696K, 67% used [0x0000000658200000,0x000000065a56e678,0x000000065b670000)
Event: 70.512 GC heap after
Heap after GC invocations=101 (full 11):
 PSYoungGen      total 743040K, used 182852K [0x00000007746b0000, 0x00000007bb500000, 0x0000000800000000)
  eden space 365760K, 0% used [0x00000007746b0000,0x00000007746b0000,0x000000078abe0000)
  from space 377280K, 48% used [0x000000078abe0000,0x0000000795e711c8,0x00000007a1c50000)
  to   space 377728K, 0% used [0x00000007a4420000,0x00000007a4420000,0x00000007bb500000)
 ParOldGen       total 1240064K, used 996606K [0x000000065d400000, 0x00000006a8f00000, 0x00000007746b0000)
  object space 1240064K, 80% used [0x000000065d400000,0x000000069a13fbc0,0x00000006a8f00000)
 PSPermGen       total 51520K, used 36281K [0x0000000658200000, 0x000000065b450000, 0x000000065d400000)
  object space 51520K, 70% used [0x0000000658200000,0x000000065a56e658,0x000000065b450000)
}
Event: 83.041 GC heap before
{Heap before GC invocations=102 (full 11):
 PSYoungGen      total 743040K, used 548612K [0x00000007746b0000, 0x00000007bb500000, 0x0000000800000000)
  eden space 365760K, 100% used [0x00000007746b0000,0x000000078abe0000,0x000000078abe0000)
  from space 377280K, 48% used [0x000000078abe0000,0x0000000795e711c8,0x00000007a1c50000)
  to   space 377728K, 0% used [0x00000007a4420000,0x00000007a4420000,0x00000007bb500000)
 ParOldGen       total 1240064K, used 996606K [0x000000065d400000, 0x00000006a8f00000, 0x00000007746b0000)
  object space 1240064K, 80% used [0x000000065d400000,0x000000069a13fbc0,0x00000006a8f00000)
 PSPermGen       total 51520K, used 36381K [0x0000000658200000, 0x000000065b450000, 0x000000065d400000)
  object space 51520K, 70% used [0x0000000658200000,0x000000065a587520,0x000000065b450000)
Event: 83.315 GC heap after
Heap after GC invocations=102 (full 11):
 PSYoungGen      total 776512K, used 250260K [0x00000007746b0000, 0x00000007bb140000, 0x0000000800000000)
  eden space 402624K, 0% used [0x00000007746b0000,0x00000007746b0000,0x000000078cfe0000)
  from space 373888K, 66% used [0x00000007a4420000,0x00000007b3885030,0x00000007bb140000)
  to   space 377536K, 0% used [0x000000078cfe0000,0x000000078cfe0000,0x00000007a4090000)
 ParOldGen       total 1240064K, used 1043502K [0x000000065d400000, 0x00000006a8f00000, 0x00000007746b0000)
  object space 1240064K, 84% used [0x000000065d400000,0x000000069cf0bbc0,0x00000006a8f00000)
 PSPermGen       total 51520K, used 36381K [0x0000000658200000, 0x000000065b450000, 0x000000065d400000)
  object space 51520K, 70% used [0x0000000658200000,0x000000065a587520,0x000000065b450000)
}
Event: 84.136 GC heap before
{Heap before GC invocations=103 (full 11):
 PSYoungGen      total 776512K, used 652884K [0x00000007746b0000, 0x00000007bb140000, 0x0000000800000000)
  eden space 402624K, 100% used [0x00000007746b0000,0x000000078cfe0000,0x000000078cfe0000)
  from space 373888K, 66% used [0x00000007a4420000,0x00000007b3885030,0x00000007bb140000)
  to   space 377536K, 0% used [0x000000078cfe0000,0x000000078cfe0000,0x00000007a4090000)
 ParOldGen       total 1240064K, used 1043502K [0x000000065d400000, 0x00000006a8f00000, 0x00000007746b0000)
  object space 1240064K, 84% used [0x000000065d400000,0x000000069cf0bbc0,0x00000006a8f00000)
 PSPermGen       total 51520K, used 36381K [0x0000000658200000, 0x000000065b450000, 0x000000065d400000)
  object space 51520K, 70% used [0x0000000658200000,0x000000065a5876a0,0x000000065b450000)
Event: 84.291 GC heap after
Heap after GC invocations=103 (full 11):
 PSYoungGen      total 780160K, used 248866K [0x00000007746b0000, 0x00000007bd4c0000, 0x0000000800000000)
  eden space 402624K, 0% used [0x00000007746b0000,0x00000007746b0000,0x000000078cfe0000)
  from space 377536K, 65% used [0x000000078cfe0000,0x000000079c2e8830,0x00000007a4090000)
  to   space 375552K, 0% used [0x00000007a6600000,0x00000007a6600000,0x00000007bd4c0000)
 ParOldGen       total 1240064K, used 1077814K [0x000000065d400000, 0x00000006a8f00000, 0x00000007746b0000)
  object space 1240064K, 86% used [0x000000065d400000,0x000000069f08dbc0,0x00000006a8f00000)
 PSPermGen       total 51520K, used 36381K [0x0000000658200000, 0x000000065b450000, 0x000000065d400000)
  object space 51520K, 70% used [0x0000000658200000,0x000000065a5876a0,0x000000065b450000)
}

